[Friday, January 02, 2015 5:31:46 pm][AddonManager] : Addon 'ExampleAddon' by Nightwolf loaded
[Friday, January 02, 2015 5:42:39 pm][AddonManager] : Addon 'ExampleAddon' by Nightwolf loaded
[Friday, January 02, 2015 5:42:58 pm][AddonManager] : Addon 'ExampleAddon' by Nightwolf loaded
[Friday, January 02, 2015 5:46:08 pm][AddonManager] : Addon 'ExampleAddon' by Nightwolf loaded
[Friday, January 02, 2015 5:46:19 pm][AddonManager] : Addon 'ExampleAddon' by Nightwolf loaded
[Friday, January 02, 2015 5:46:41 pm][AddonManager] : Addon 'ExampleAddon' by Nightwolf loaded
[Saturday, January 03, 2015 1:59:44 pm][AddonManager] : Addon 'ExampleAddon' by Nightwolf loaded
[Saturday, January 03, 2015 2:01:17 pm][AddonManager] : Addon 'ExampleAddon' by Nightwolf loaded
[Saturday, January 03, 2015 2:01:32 pm][AddonManager] : Addon 'ExampleAddon' by Nightwolf loaded
[Saturday, January 03, 2015 2:08:52 pm][AddonManager] : Addon 'ExampleAddon' by Nightwolf loaded
[Saturday, January 03, 2015 2:09:07 pm][AddonManager] : Addon 'ExampleAddon' by Nightwolf loaded
[Saturday, January 03, 2015 2:09:13 pm][AddonManager] : Addon 'ExampleAddon' by Nightwolf loaded
[Saturday, January 03, 2015 2:09:55 pm][AddonManager] : Addon 'ExampleAddon' by Nightwolf loaded
[Saturday, January 03, 2015 2:18:35 pm][AddonManager] : Addon 'ExampleAddon' by Nightwolf loaded
[Saturday, January 03, 2015 2:33:56 pm][AddonManager] : Addon 'ExampleAddon' by Nightwolf loaded
[Saturday, January 03, 2015 2:34:17 pm][AddonManager] : Addon 'ExampleAddon' by Nightwolf loaded
[Saturday, January 03, 2015 2:34:27 pm][AddonManager] : Addon 'ExampleAddon' by Nightwolf loaded
[Saturday, January 03, 2015 2:35:06 pm][AddonManager] : Addon 'ExampleAddon' by Nightwolf loaded
[Saturday, January 03, 2015 2:38:25 pm][AddonManager] : Addon 'ExampleAddon' by Nightwolf loaded
[Saturday, January 03, 2015 2:38:43 pm][AddonManager] : Addon 'ExampleAddon' by Nightwolf loaded
[Saturday, January 03, 2015 2:39:47 pm][AddonManager] : Addon 'ExampleAddon' by Nightwolf loaded
[Saturday, January 03, 2015 3:12:15 pm][AddonManager] : Addon 'ExampleAddon' by Nightwolf loaded
[Saturday, January 03, 2015 3:12:22 pm][AddonManager] : Addon 'ExampleAddon' by Nightwolf loaded
[Saturday, January 03, 2015 3:23:55 pm][AddonManager] : Addon 'ExampleAddon' by Nightwolf loaded
[Saturday, January 03, 2015 3:27:45 pm][AddonManager] : Addon 'ExampleAddon' by Nightwolf loaded
[Saturday, January 03, 2015 3:28:45 pm][AddonManager] : Addon 'ExampleAddon' by Nightwolf loaded
[Saturday, January 03, 2015 3:30:10 pm][AddonManager] : Addon 'ExampleAddon' by Nightwolf loaded
[Saturday, January 03, 2015 3:31:28 pm][AddonManager] : Addon 'ExampleAddon' by Nightwolf loaded
[Saturday, January 03, 2015 3:57:51 pm][AddonManager] : Addon 'ExampleAddon' by Nightwolf loaded
[Saturday, January 03, 2015 5:30:38 pm][AddonManager] : Addon 'ExampleAddon' by Nightwolf loaded
[Saturday, January 03, 2015 5:44:03 pm][AddonManager] : Addon 'ExampleAddon' by Nightwolf loaded
[Saturday, January 03, 2015 5:46:14 pm][AddonManager] : Addon 'ExampleAddon' by Nightwolf loaded
[Saturday, January 03, 2015 5:46:17 pm][AddonManager] : Addon 'ExampleAddon' by Nightwolf loaded
[Saturday, January 03, 2015 5:48:08 pm][AddonManager] : Addon 'ExampleAddon' by Nightwolf loaded
[Saturday, January 03, 2015 5:49:10 pm][AddonManager] : Addon 'ExampleAddon' by Nightwolf loaded
[Saturday, January 03, 2015 5:50:52 pm][AddonManager] : Addon 'ExampleAddon' by Nightwolf loaded
[Saturday, January 03, 2015 5:51:13 pm][AddonManager] : Addon 'ExampleAddon' by Nightwolf loaded
[Saturday, January 03, 2015 5:52:13 pm][AddonManager] : Addon 'ExampleAddon' by Nightwolf loaded
[Saturday, January 03, 2015 5:52:22 pm][AddonManager] : Addon 'ExampleAddon' by Nightwolf loaded
[Saturday, January 03, 2015 5:52:36 pm][AddonManager] : Addon 'ExampleAddon' by Nightwolf loaded
[Saturday, January 03, 2015 5:53:23 pm][AddonManager] : Addon 'ExampleAddon' by Nightwolf loaded
[Saturday, January 03, 2015 5:56:17 pm][AddonManager] : Addon 'ExampleAddon' by Nightwolf loaded
[Saturday, January 03, 2015 6:07:27 pm][AddonManager] : Addon 'ExampleAddon' by Nightwolf loaded
[Saturday, January 03, 2015 6:08:19 pm][AddonManager] : Addon 'ExampleAddon' by Nightwolf loaded
[Saturday, January 03, 2015 6:08:37 pm][AddonManager] : Addon 'ExampleAddon' by Nightwolf loaded
[Saturday, January 03, 2015 6:09:04 pm][AddonManager] : Addon 'ExampleAddon' by Nightwolf loaded
[Saturday, January 03, 2015 6:09:23 pm][AddonManager] : Addon 'ExampleAddon' by Nightwolf loaded
[Saturday, January 03, 2015 6:09:59 pm][AddonManager] : Addon 'ExampleAddon' by Nightwolf loaded
[Saturday, January 03, 2015 6:10:17 pm][AddonManager] : Addon 'ExampleAddon' by Nightwolf loaded
[Saturday, January 03, 2015 6:10:27 pm][AddonManager] : Addon 'ExampleAddon' by Nightwolf loaded
[Saturday, January 03, 2015 6:11:01 pm][AddonManager] : Addon 'ExampleAddon' by Nightwolf loaded
[Saturday, January 03, 2015 6:11:20 pm][AddonManager] : Addon 'ExampleAddon' by Nightwolf loaded
[Saturday, January 03, 2015 6:14:40 pm][AddonManager] : Addon 'ExampleAddon' by Nightwolf loaded
[Saturday, January 03, 2015 6:16:55 pm][AddonManager] : Addon 'ExampleAddon' by Nightwolf loaded
[Saturday, January 03, 2015 6:17:24 pm][AddonManager] : Addon 'ExampleAddon' by Nightwolf loaded
[Saturday, January 03, 2015 6:18:31 pm][AddonManager] : Addon 'ExampleAddon' by Nightwolf loaded
[Saturday, January 03, 2015 6:18:46 pm][AddonManager] : Addon 'ExampleAddon' by Nightwolf loaded
[Saturday, January 03, 2015 6:19:20 pm][AddonManager] : Addon 'ExampleAddon' by Nightwolf loaded
[Saturday, January 03, 2015 6:19:54 pm][AddonManager] : Addon 'ExampleAddon' by Nightwolf loaded
[Saturday, January 03, 2015 6:20:24 pm][AddonManager] : Addon 'ExampleAddon' by Nightwolf loaded
[Saturday, January 03, 2015 6:20:50 pm][AddonManager] : Addon 'ExampleAddon' by Nightwolf loaded
[Saturday, January 03, 2015 6:22:39 pm][AddonManager] : Addon 'ExampleAddon' by Nightwolf loaded
[Saturday, January 03, 2015 6:23:11 pm][AddonManager] : Addon 'ExampleAddon' by Nightwolf loaded
[Saturday, January 03, 2015 6:26:29 pm][AddonManager] : Addon 'ExampleAddon' by Nightwolf loaded
[Saturday, January 03, 2015 6:26:47 pm][AddonManager] : Addon 'ExampleAddon' by Nightwolf loaded
[Saturday, January 03, 2015 6:27:15 pm][AddonManager] : Addon 'ExampleAddon' by Nightwolf loaded
[Saturday, January 03, 2015 6:27:47 pm][AddonManager] : Addon 'ExampleAddon' by Nightwolf loaded
[Saturday, January 03, 2015 6:28:09 pm][AddonManager] : Addon 'ExampleAddon' by Nightwolf loaded
[Saturday, January 03, 2015 6:28:47 pm][AddonManager] : Addon 'ExampleAddon' by Nightwolf loaded
[Saturday, January 03, 2015 6:29:52 pm][AddonManager] : Addon 'ExampleAddon' by Nightwolf loaded
[Saturday, January 03, 2015 6:30:10 pm][AddonManager] : Addon 'ExampleAddon' by Nightwolf loaded
[Saturday, January 03, 2015 8:28:26 pm][AddonManager] : Addon 'ExampleAddon' by Nightwolf loaded
[Saturday, January 03, 2015 11:01:48 pm][AddonManager] : Addon 'ExampleAddon' by Nightwolf loaded
[Saturday, January 03, 2015 11:02:48 pm][AddonManager] : Addon 'ExampleAddon' by Nightwolf loaded
[Saturday, January 03, 2015 11:04:54 pm][AddonManager] : Addon 'ExampleAddon' by Nightwolf loaded
[Saturday, January 03, 2015 11:06:01 pm][AddonManager] : Addon 'ExampleAddon' by Nightwolf loaded
[Saturday, January 03, 2015 11:14:41 pm][AddonManager] : Addon 'ExampleAddon' by Nightwolf loaded
[Saturday, January 03, 2015 11:15:25 pm][AddonManager] : Addon 'ExampleAddon' by Nightwolf loaded
[Saturday, January 03, 2015 11:30:18 pm][AddonManager] : Addon 'ExampleAddon' by Nightwolf loaded
[Saturday, January 03, 2015 11:43:04 pm][AddonManager] : Addon 'ExampleAddon' by Nightwolf loaded
[Saturday, January 03, 2015 11:43:36 pm][AddonManager] : Addon 'ExampleAddon' by Nightwolf loaded
[Saturday, January 03, 2015 11:52:13 pm][AddonManager] : Addon 'ExampleAddon' by Nightwolf loaded
[Saturday, January 03, 2015 11:52:53 pm][AddonManager] : Addon 'ExampleAddon' by Nightwolf loaded
[Monday, January 05, 2015 4:26:57 pm][AddonManager] : Addon 'ExampleAddon' by Nightwolf loaded
[Monday, January 05, 2015 4:27:29 pm][AddonManager] : Addon 'ExampleAddon' by Nightwolf loaded
[Monday, January 05, 2015 7:50:18 pm][AddonManager] : Addon 'ExampleAddon' by Nightwolf loaded
[Monday, January 05, 2015 7:50:45 pm][AddonManager] : Addon 'ExampleAddon' by Nightwolf loaded
[Monday, January 05, 2015 7:51:19 pm][AddonManager] : Addon 'ExampleAddon' by Nightwolf loaded
[Monday, January 05, 2015 7:56:10 pm][AddonManager] : Addon 'ExampleAddon' by Nightwolf loaded
[Monday, January 05, 2015 7:56:28 pm][AddonManager] : Addon 'ExampleAddon' by Nightwolf loaded
[Monday, January 05, 2015 7:57:13 pm][AddonManager] : Addon 'ExampleAddon' by Nightwolf loaded
[Monday, January 05, 2015 8:02:23 pm][AddonManager] : Addon 'ExampleAddon' by Nightwolf loaded
[Monday, January 05, 2015 8:02:40 pm][AddonManager] : Addon 'ExampleAddon' by Nightwolf loaded
[Monday, January 05, 2015 8:05:48 pm][AddonManager] : Addon 'ExampleAddon' by Nightwolf loaded
[Monday, January 05, 2015 8:07:32 pm][AddonManager] : Addon 'ExampleAddon' by Nightwolf loaded
[Monday, January 05, 2015 8:22:00 pm][AddonManager] : Addon 'ExampleAddon' by Nightwolf loaded
[Monday, January 05, 2015 11:27:26 pm][AddonManager] : Addon 'ExampleAddon' by Nightwolf loaded
[Tuesday, January 06, 2015 7:20:01 pm][AddonManager] : Addon 'ExampleAddon' by Nightwolf loaded
[Tuesday, January 06, 2015 10:10:26 pm][AddonManager] : Addon 'ExampleAddon' by Nightwolf loaded
[Tuesday, January 06, 2015 10:11:16 pm][AddonManager] : Addon 'ExampleAddon' by Nightwolf loaded
[Tuesday, January 06, 2015 10:12:11 pm][AddonManager] : Addon 'ExampleAddon' by Nightwolf loaded
[Tuesday, January 06, 2015 10:13:27 pm][AddonManager] : Addon 'ExampleAddon' by Nightwolf loaded
[Tuesday, January 06, 2015 10:13:55 pm][AddonManager] : Addon 'ExampleAddon' by Nightwolf loaded
[Tuesday, January 06, 2015 10:15:03 pm][AddonManager] : Addon 'ExampleAddon' by Nightwolf loaded
[Tuesday, January 06, 2015 10:18:35 pm][AddonManager] : Addon 'ExampleAddon' by Nightwolf loaded
[Tuesday, January 06, 2015 10:19:54 pm][AddonManager] : Addon 'ExampleAddon' by Nightwolf loaded
[Tuesday, January 06, 2015 10:20:17 pm][AddonManager] : Addon 'ExampleAddon' by Nightwolf loaded
[Tuesday, January 06, 2015 10:20:51 pm][AddonManager] : Addon 'ExampleAddon' by Nightwolf loaded
[Tuesday, January 06, 2015 10:22:05 pm][AddonManager] : Addon 'ExampleAddon' by Nightwolf loaded
[Tuesday, January 06, 2015 10:22:28 pm][AddonManager] : Addon 'ExampleAddon' by Nightwolf loaded
[Tuesday, January 06, 2015 10:22:55 pm][AddonManager] : Addon 'ExampleAddon' by Nightwolf loaded
[Tuesday, January 06, 2015 10:23:20 pm][AddonManager] : Addon 'ExampleAddon' by Nightwolf loaded
[Tuesday, January 06, 2015 10:25:27 pm][AddonManager] : Addon 'ExampleAddon' by Nightwolf loaded
[Tuesday, January 06, 2015 10:28:14 pm][AddonManager] : Addon 'ExampleAddon' by Nightwolf loaded
[Tuesday, January 06, 2015 10:29:09 pm][AddonManager] : Addon 'ExampleAddon' by Nightwolf loaded
[Tuesday, January 06, 2015 10:29:15 pm][AddonManager] : Addon 'ExampleAddon' by Nightwolf loaded
[Tuesday, January 06, 2015 10:30:56 pm][AddonManager] : Addon 'ExampleAddon' by Nightwolf loaded
[Tuesday, January 06, 2015 10:49:55 pm][AddonManager] : Addon 'ExampleAddon' by Nightwolf loaded
[Tuesday, January 06, 2015 11:24:05 pm][AddonManager] : Addon 'ExampleAddon' by Nightwolf loaded
[Tuesday, January 06, 2015 11:24:53 pm][AddonManager] : Addon 'ExampleAddon' by Nightwolf loaded
[Tuesday, January 06, 2015 11:25:14 pm][AddonManager] : Addon 'ExampleAddon' by Nightwolf loaded
[Tuesday, January 06, 2015 11:25:20 pm][AddonManager] : Addon 'ExampleAddon' by Nightwolf loaded
[Tuesday, January 06, 2015 11:25:31 pm][AddonManager] : Addon 'ExampleAddon' by Nightwolf loaded
[Tuesday, January 06, 2015 11:26:03 pm][AddonManager] : Addon 'ExampleAddon' by Nightwolf loaded
[Tuesday, January 06, 2015 11:30:35 pm][AddonManager] : Addon 'ExampleAddon' by Nightwolf loaded
[Wednesday, January 07, 2015 8:43:17 pm][AddonManager] : Addon 'ExampleAddon' by Nightwolf loaded
[Thursday, January 08, 2015 8:14:40 pm][AddonManager] : Addon 'ExampleAddon' by Nightwolf loaded
[Thursday, January 08, 2015 8:46:05 pm][AddonManager] : Addon 'ExampleAddon' by Nightwolf loaded
[Thursday, January 08, 2015 8:46:54 pm][AddonManager] : Addon 'ExampleAddon' by Nightwolf loaded
[Thursday, January 08, 2015 8:50:22 pm][AddonManager] : Addon 'ExampleAddon' by Nightwolf loaded
[Thursday, January 08, 2015 8:50:46 pm][AddonManager] : Addon 'ExampleAddon' by Nightwolf loaded
[Thursday, January 08, 2015 9:00:18 pm][AddonManager] : Addon 'ExampleAddon' by Nightwolf loaded
[Thursday, January 08, 2015 9:01:14 pm][AddonManager] : Addon 'ExampleAddon' by Nightwolf loaded
[Thursday, January 08, 2015 9:01:46 pm][AddonManager] : Addon 'ExampleAddon' by Nightwolf loaded
[Thursday, January 08, 2015 9:02:09 pm][AddonManager] : Addon 'ExampleAddon' by Nightwolf loaded
[Thursday, January 08, 2015 9:02:21 pm][AddonManager] : Addon 'ExampleAddon' by Nightwolf loaded
[Thursday, January 08, 2015 9:13:51 pm][AddonManager] : Addon 'ExampleAddon' by Nightwolf loaded
[Thursday, January 08, 2015 9:53:06 pm][AddonManager] : Addon 'ExampleAddon' by Nightwolf loaded
[Thursday, January 08, 2015 9:54:44 pm][AddonManager] : Addon 'ExampleAddon' by Nightwolf loaded
[Thursday, January 08, 2015 11:21:35 pm][AddonManager] : Addon 'ExampleAddon' by Nightwolf loaded
[Thursday, January 08, 2015 11:24:21 pm][AddonManager] : Addon 'ExampleAddon' by Nightwolf loaded
[Thursday, January 08, 2015 11:29:04 pm][AddonManager] : Addon 'ExampleAddon' by Nightwolf loaded
